[17:49:52] mention loop started
[17:49:52] idle thinker started
[17:49:52] observer loop started
[17:49:52] post draft created
[17:49:52] idle post drafted
[17:49:54] reply intent detected
[17:49:57] reply draft created
[17:49:57] reply intent detected
[17:49:58] reply draft created
[17:49:58] reply intent detected
[17:49:59] reply draft created
[17:49:59] reply intent detected
[17:50:01] reply draft created
[17:50:59] draft discarded
[17:51:01] draft discarded
[17:51:02] draft discarded
[17:51:02] draft discarded
[17:59:52] post draft created
[17:59:52] idle post drafted
[18:09:53] post draft created
[18:09:53] idle post drafted
[18:19:54] post draft created
[18:19:54] idle post drafted
[18:20:10] reply intent detected
[18:20:11] reply draft created
[18:23:40] mention loop started
[18:23:40] idle thinker started
[18:23:40] observer loop started
[18:33:40] post draft created
[18:33:40] idle post drafted
[18:38:13] mention loop started
[18:38:13] idle thinker started
[18:38:13] observer loop started
[18:38:13] post draft created
[18:38:13] idle post drafted
[18:40:00] mention loop started
[18:40:00] idle thinker started
[18:40:00] observer loop started
[18:42:18] mention loop started
[18:42:18] idle thinker started
[18:42:18] observer loop started
[18:42:20] post draft created
[18:42:20] idle post drafted
[18:49:14] mention loop started
[18:49:14] idle thinker started
[18:49:14] observer loop started
[18:49:16] post draft created
[18:49:16] idle post drafted
[18:59:16] post draft created
[18:59:16] idle post drafted
[19:09:18] post draft created
[19:09:18] idle post drafted
[19:19:18] post draft created
[19:19:18] idle post drafted
[19:29:19] post draft created
[19:29:19] idle post drafted
[19:39:23] post draft created
[19:39:23] idle post drafted
[19:46:32] 🧠 BRAIN STARTING UP...
[19:46:32] mention loop started
[19:46:32] idle thinker started
_BEARER_TOKEN' is not defined
[19:46:32] observer loop started
[19:46:34] post draft created
[19:46:34] idle post drafted
[19:46:37] 🧠 BRAIN STARTING UP...
[19:46:37] mention loop started
[19:46:37] mention error: name 'X_BEARER_TOKEN' is not defined
[19:46:37] idle thinker started
[19:46:37] observer loop started
[19:46:40] post draft created
[19:46:40] idle post drafted
[19:46:52] mention error: name 'X_BEARER_TOKEN' is not defined
[19:46:57] mention error: name 'X_BEARER_TOKEN' is not defined
[19:47:12] mention error: name 'X_BEARER_TOKEN' is not defined
[19:47:17] mention error: name 'X_BEARER_TOKEN' is not defined
[19:47:32] mention error: name 'X_BEARER_TOKEN' is not defined
[19:47:33] draft discarded
[19:47:34] draft discarded
[19:47:34] draft discarded
[19:47:35] draft discarded
[19:47:37] mention error: name 'X_BEARER_TOKEN' is not defined
[19:47:38] draft discarded
[19:47:39] draft discarded
[19:47:40] draft discarded
[19:47:41] draft discarded
[19:47:52] mention error: name 'X_BEARER_TOKEN' is not defined
[19:47:54] draft approved and posted
[19:47:56] draft discarded
[19:47:56] draft discarded
[19:47:57] draft discarded
[19:47:57] draft discarded
[19:47:57] mention error: name 'X_BEARER_TOKEN' is not defined
[19:47:58] draft discarded
[19:48:00] draft discarded
[19:48:05] draft discarded
[19:48:12] mention error: name 'X_BEARER_TOKEN' is not defined
[19:48:17] mention error: name 'X_BEARER_TOKEN' is not defined
[19:48:32] mention error: name 'X_BEARER_TOKEN' is not defined
[19:48:37] mention error: name 'X_BEARER_TOKEN' is not defined
[19:48:52] mention error: name 'X_BEARER_TOKEN' is not defined
[19:48:57] mention error: name 'X_BEARER_TOKEN' is not defined
[19:49:12] mention error: name 'X_BEARER_TOKEN' is not defined
[19:49:17] mention error: name 'X_BEARER_TOKEN' is not defined
[19:49:32] mention error: name 'X_BEARER_TOKEN' is not defined
[19:49:37] mention error: name 'X_BEARER_TOKEN' is not defined
[19:49:52] mention error: name 'X_BEARER_TOKEN' is not defined
[19:49:58] mention error: name 'X_BEARER_TOKEN' is not defined
[19:50:12] mention error: name 'X_BEARER_TOKEN' is not defined
[19:50:18] mention error: name 'X_BEARER_TOKEN' is not defined
[19:50:32] mention error: name 'X_BEARER_TOKEN' is not defined
[19:50:38] mention error: name 'X_BEARER_TOKEN' is not defined
[19:50:52] mention error: name 'X_BEARER_TOKEN' is not defined
[19:50:58] mention error: name 'X_BEARER_TOKEN' is not defined
[19:51:12] mention error: name 'X_BEARER_TOKEN' is not defined
[19:51:18] mention error: name 'X_BEARER_TOKEN' is not defined
[19:51:32] mention error: name 'X_BEARER_TOKEN' is not defined
[19:51:38] mention error: name 'X_BEARER_TOKEN' is not defined
[19:51:52] mention error: name 'X_BEARER_TOKEN' is not defined
[19:51:58] mention error: name 'X_BEARER_TOKEN' is not defined
[19:52:12] mention error: name 'X_BEARER_TOKEN' is not defined
[19:52:18] mention error: name 'X_BEARER_TOKEN' is not defined
[19:52:32] mention error: name 'X_BEARER_TOKEN' is not defined
[19:52:38] mention error: name 'X_BEARER_TOKEN' is not defined
[19:52:52] mention error: name 'X_BEARER_TOKEN' is not defined
[19:52:58] mention error: name 'X_BEARER_TOKEN' is not defined
[19:53:12] mention error: name 'X_BEARER_TOKEN' is not defined
[19:53:18] mention error: name 'X_BEARER_TOKEN' is not defined
[19:53:32] mention error: name 'X_BEARER_TOKEN' is not defined
[19:53:38] mention error: name 'X_BEARER_TOKEN' is not defined
[19:53:52] mention error: name 'X_BEARER_TOKEN' is not defined
[19:53:58] mention error: name 'X_BEARER_TOKEN' is not defined
[19:54:12] mention error: name 'X_BEARER_TOKEN' is not defined
[19:54:18] mention error: name 'X_BEARER_TOKEN' is not defined
[19:54:32] mention error: name 'X_BEARER_TOKEN' is not defined
[19:54:38] mention error: name 'X_BEARER_TOKEN' is not defined
[19:54:52] mention error: name 'X_BEARER_TOKEN' is not defined
[19:54:58] mention error: name 'X_BEARER_TOKEN' is not defined
[19:55:12] mention error: name 'X_BEARER_TOKEN' is not defined
[19:55:18] mention error: name 'X_BEARER_TOKEN' is not defined
[19:55:32] mention error: name 'X_BEARER_TOKEN' is not defined
[19:55:38] mention error: name 'X_BEARER_TOKEN' is not defined
[19:55:52] mention error: name 'X_BEARER_TOKEN' is not defined
[19:55:58] mention error: name 'X_BEARER_TOKEN' is not defined
[19:56:12] mention error: name 'X_BEARER_TOKEN' is not defined
[19:56:18] mention error: name 'X_BEARER_TOKEN' is not defined
[19:56:32] mention error: name 'X_BEARER_TOKEN' is not defined
[19:56:37] post draft created
[19:56:37] idle post drafted
[19:56:38] mention error: name 'X_BEARER_TOKEN' is not defined
[19:56:42] post draft created
[19:56:42] idle post drafted
[19:56:52] mention error: name 'X_BEARER_TOKEN' is not defined
[19:56:58] mention error: name 'X_BEARER_TOKEN' is not defined
[19:57:12] mention error: name 'X_BEARER_TOKEN' is not defined
[19:57:18] mention error: name 'X_BEARER_TOKEN' is not defined
[19:57:32] mention error: name 'X_BEARER_TOKEN' is not defined
[19:57:38] mention error: name 'X_BEARER_TOKEN' is not defined
[19:57:52] mention error: name 'X_BEARER_TOKEN' is not defined
[19:57:58] mention error: name 'X_BEARER_TOKEN' is not defined
[19:58:12] mention error: name 'X_BEARER_TOKEN' is not defined
[19:58:18] mention error: name 'X_BEARER_TOKEN' is not defined
[19:58:32] mention error: name 'X_BEARER_TOKEN' is not defined
[19:58:38] mention error: name 'X_BEARER_TOKEN' is not defined
[19:58:52] mention error: name 'X_BEARER_TOKEN' is not defined
[19:58:58] mention error: name 'X_BEARER_TOKEN' is not defined
[19:59:12] mention error: name 'X_BEARER_TOKEN' is not defined
[19:59:18] mention error: name 'X_BEARER_TOKEN' is not defined
[19:59:32] mention error: name 'X_BEARER_TOKEN' is not defined
[19:59:38] mention error: name 'X_BEARER_TOKEN' is not defined
[19:59:52] mention error: name 'X_BEARER_TOKEN' is not defined
[19:59:58] mention error: name 'X_BEARER_TOKEN' is not defined
[20:00:12] mention error: name 'X_BEARER_TOKEN' is not defined
[20:00:18] mention error: name 'X_BEARER_TOKEN' is not defined
[20:00:32] mention error: name 'X_BEARER_TOKEN' is not defined
[20:00:38] mention error: name 'X_BEARER_TOKEN' is not defined
[20:00:52] mention error: name 'X_BEARER_TOKEN' is not defined
[20:00:58] mention error: name 'X_BEARER_TOKEN' is not defined
[20:01:12] mention error: name 'X_BEARER_TOKEN' is not defined
[20:01:18] mention error: name 'X_BEARER_TOKEN' is not defined
[20:01:32] mention error: name 'X_BEARER_TOKEN' is not defined
[20:01:38] mention error: name 'X_BEARER_TOKEN' is not defined
[20:01:52] mention error: name 'X_BEARER_TOKEN' is not defined
[20:01:58] mention error: name 'X_BEARER_TOKEN' is not defined
[20:02:12] mention error: name 'X_BEARER_TOKEN' is not defined
[20:02:18] mention error: name 'X_BEARER_TOKEN' is not defined
[20:02:32] mention error: name 'X_BEARER_TOKEN' is not defined
[20:02:38] mention error: name 'X_BEARER_TOKEN' is not defined
[20:02:52] mention error: name 'X_BEARER_TOKEN' is not defined
[20:02:58] mention error: name 'X_BEARER_TOKEN' is not defined
[20:03:12] mention error: name 'X_BEARER_TOKEN' is not defined
[20:03:18] mention error: name 'X_BEARER_TOKEN' is not defined
[20:03:32] mention error: name 'X_BEARER_TOKEN' is not defined
[20:03:38] mention error: name 'X_BEARER_TOKEN' is not defined
[20:03:52] mention error: name 'X_BEARER_TOKEN' is not defined
[20:03:58] mention error: name 'X_BEARER_TOKEN' is not defined
[20:04:12] mention error: name 'X_BEARER_TOKEN' is not defined
[20:04:18] mention error: name 'X_BEARER_TOKEN' is not defined
[20:04:32] mention error: name 'X_BEARER_TOKEN' is not defined
[20:04:38] mention error: name 'X_BEARER_TOKEN' is not defined
[20:04:52] mention error: name 'X_BEARER_TOKEN' is not defined
[20:04:58] mention error: name 'X_BEARER_TOKEN' is not defined
[20:05:12] mention error: name 'X_BEARER_TOKEN' is not defined
[20:05:18] mention error: name 'X_BEARER_TOKEN' is not defined
[20:05:32] mention error: name 'X_BEARER_TOKEN' is not defined
[20:05:38] mention error: name 'X_BEARER_TOKEN' is not defined
[20:05:52] mention error: name 'X_BEARER_TOKEN' is not defined
[20:05:58] mention error: name 'X_BEARER_TOKEN' is not defined
[20:06:12] mention error: name 'X_BEARER_TOKEN' is not defined
[20:06:18] mention error: name 'X_BEARER_TOKEN' is not defined
[20:06:32] mention error: name 'X_BEARER_TOKEN' is not defined
[20:06:38] mention error: name 'X_BEARER_TOKEN' is not defined
[20:06:39] post draft created
[20:06:39] idle post drafted
[20:06:44] post draft created
[20:06:44] idle post drafted
[20:06:52] mention error: name 'X_BEARER_TOKEN' is not defined
[20:06:58] mention error: name 'X_BEARER_TOKEN' is not defined
[20:07:12] mention error: name 'X_BEARER_TOKEN' is not defined
[20:07:18] mention error: name 'X_BEARER_TOKEN' is not defined
[20:07:32] mention error: name 'X_BEARER_TOKEN' is not defined
[20:07:38] mention error: name 'X_BEARER_TOKEN' is not defined
[20:07:52] mention error: name 'X_BEARER_TOKEN' is not defined
[20:07:58] mention error: name 'X_BEARER_TOKEN' is not defined
[20:08:12] mention error: name 'X_BEARER_TOKEN' is not defined
[20:08:18] mention error: name 'X_BEARER_TOKEN' is not defined
[20:08:32] mention error: name 'X_BEARER_TOKEN' is not defined
[20:08:38] mention error: name 'X_BEARER_TOKEN' is not defined
[20:08:52] mention error: name 'X_BEARER_TOKEN' is not defined
[20:08:58] mention error: name 'X_BEARER_TOKEN' is not defined
[20:09:12] mention error: name 'X_BEARER_TOKEN' is not defined
[20:09:18] mention error: name 'X_BEARER_TOKEN' is not defined
[20:09:32] mention error: name 'X_BEARER_TOKEN' is not defined
[20:09:38] mention error: name 'X_BEARER_TOKEN' is not defined
[20:09:52] mention error: name 'X_BEARER_TOKEN' is not defined
[20:09:58] mention error: name 'X_BEARER_TOKEN' is not defined
[20:10:12] mention error: name 'X_BEARER_TOKEN' is not defined
[20:10:18] mention error: name 'X_BEARER_TOKEN' is not defined
[20:10:32] mention error: name 'X_BEARER_TOKEN' is not defined
[20:10:38] mention error: name 'X_BEARER_TOKEN' is not defined
[20:10:52] mention error: name 'X_BEARER_TOKEN' is not defined
[20:10:58] mention error: name 'X_BEARER_TOKEN' is not defined
[20:11:12] mention error: name 'X_BEARER_TOKEN' is not defined
[20:11:18] mention error: name 'X_BEARER_TOKEN' is not defined
[20:11:32] mention error: name 'X_BEARER_TOKEN' is not defined
[20:11:38] mention error: name 'X_BEARER_TOKEN' is not defined
[20:11:52] mention error: name 'X_BEARER_TOKEN' is not defined
[20:11:58] mention error: name 'X_BEARER_TOKEN' is not defined
[20:12:12] mention error: name 'X_BEARER_TOKEN' is not defined
[20:12:18] mention error: name 'X_BEARER_TOKEN' is not defined
[20:12:32] mention error: name 'X_BEARER_TOKEN' is not defined
[20:12:38] mention error: name 'X_BEARER_TOKEN' is not defined
[20:12:52] mention error: name 'X_BEARER_TOKEN' is not defined
[20:12:58] mention error: name 'X_BEARER_TOKEN' is not defined
[20:13:12] mention error: name 'X_BEARER_TOKEN' is not defined
[20:13:18] mention error: name 'X_BEARER_TOKEN' is not defined
[20:13:32] mention error: name 'X_BEARER_TOKEN' is not defined
[20:13:38] mention error: name 'X_BEARER_TOKEN' is not defined
[20:13:52] mention error: name 'X_BEARER_TOKEN' is not defined
[20:13:58] mention error: name 'X_BEARER_TOKEN' is not defined
[20:14:12] mention error: name 'X_BEARER_TOKEN' is not defined
[20:14:18] mention error: name 'X_BEARER_TOKEN' is not defined
[20:14:32] mention error: name 'X_BEARER_TOKEN' is not defined
[20:14:38] mention error: name 'X_BEARER_TOKEN' is not defined
[20:14:52] mention error: name 'X_BEARER_TOKEN' is not defined
[20:14:58] mention error: name 'X_BEARER_TOKEN' is not defined
[20:15:12] mention error: name 'X_BEARER_TOKEN' is not defined
[20:15:18] mention error: name 'X_BEARER_TOKEN' is not defined
[20:15:32] mention error: name 'X_BEARER_TOKEN' is not defined
[20:15:38] mention error: name 'X_BEARER_TOKEN' is not defined
[20:15:52] mention error: name 'X_BEARER_TOKEN' is not defined
[20:15:58] mention error: name 'X_BEARER_TOKEN' is not defined
[20:16:12] mention error: name 'X_BEARER_TOKEN' is not defined
[20:16:18] mention error: name 'X_BEARER_TOKEN' is not defined
[20:16:32] mention error: name 'X_BEARER_TOKEN' is not defined
[20:16:38] mention error: name 'X_BEARER_TOKEN' is not defined
[20:16:42] post draft created
[20:16:42] idle post drafted
[20:16:46] post draft created
[20:16:46] idle post drafted
[20:16:52] mention error: name 'X_BEARER_TOKEN' is not defined
[20:16:58] mention error: name 'X_BEARER_TOKEN' is not defined
[20:17:12] mention error: name 'X_BEARER_TOKEN' is not defined
[20:17:18] mention error: name 'X_BEARER_TOKEN' is not defined
[20:17:32] mention error: name 'X_BEARER_TOKEN' is not defined
[20:17:38] mention error: name 'X_BEARER_TOKEN' is not defined
[20:17:52] mention error: name 'X_BEARER_TOKEN' is not defined
[20:17:58] mention error: name 'X_BEARER_TOKEN' is not defined
[20:18:12] mention error: name 'X_BEARER_TOKEN' is not defined
[20:18:18] mention error: name 'X_BEARER_TOKEN' is not defined
[20:18:32] mention error: name 'X_BEARER_TOKEN' is not defined
[20:18:38] mention error: name 'X_BEARER_TOKEN' is not defined
[20:18:52] mention error: name 'X_BEARER_TOKEN' is not defined
[20:18:58] mention error: name 'X_BEARER_TOKEN' is not defined
[20:19:12] mention error: name 'X_BEARER_TOKEN' is not defined
[20:19:18] mention error: name 'X_BEARER_TOKEN' is not defined
[20:19:32] mention error: name 'X_BEARER_TOKEN' is not defined
[20:19:38] mention error: name 'X_BEARER_TOKEN' is not defined
[20:19:52] mention error: name 'X_BEARER_TOKEN' is not defined
[20:19:58] mention error: name 'X_BEARER_TOKEN' is not defined
[20:20:12] mention error: name 'X_BEARER_TOKEN' is not defined
[20:20:18] mention error: name 'X_BEARER_TOKEN' is not defined
[20:20:32] mention error: name 'X_BEARER_TOKEN' is not defined
[20:20:38] mention error: name 'X_BEARER_TOKEN' is not defined
[20:20:52] mention error: name 'X_BEARER_TOKEN' is not defined
[20:20:58] mention error: name 'X_BEARER_TOKEN' is not defined
[20:21:12] mention error: name 'X_BEARER_TOKEN' is not defined
[20:21:18] mention error: name 'X_BEARER_TOKEN' is not defined
[20:21:32] mention error: name 'X_BEARER_TOKEN' is not defined
[20:21:38] mention error: name 'X_BEARER_TOKEN' is not defined
[20:21:51] 🧠 BRAIN STARTING UP...
[20:21:51] mention loop started
[20:21:51] idle thinker started
[20:21:51] observer loop started
[20:21:53] post draft created
[20:21:53] idle post drafted
[20:21:58] mention error: name 'X_BEARER_TOKEN' is not defined
[20:22:18] mention error: name 'X_BEARER_TOKEN' is not defined
[20:22:38] mention error: name 'X_BEARER_TOKEN' is not defined
[20:22:58] mention error: name 'X_BEARER_TOKEN' is not defined
[20:23:18] mention error: name 'X_BEARER_TOKEN' is not defined
[20:23:38] mention error: name 'X_BEARER_TOKEN' is not defined
[20:23:58] mention error: name 'X_BEARER_TOKEN' is not defined
[20:24:18] mention error: name 'X_BEARER_TOKEN' is not defined
[20:24:38] mention error: name 'X_BEARER_TOKEN' is not defined
[20:24:58] mention error: name 'X_BEARER_TOKEN' is not defined
[20:25:18] mention error: name 'X_BEARER_TOKEN' is not defined
[20:25:38] mention error: name 'X_BEARER_TOKEN' is not defined
[20:25:58] mention error: name 'X_BEARER_TOKEN' is not defined
[20:26:18] mention error: name 'X_BEARER_TOKEN' is not defined
[20:26:38] mention error: name 'X_BEARER_TOKEN' is not defined
[20:26:50] post draft created
[20:26:50] idle post drafted
[20:26:58] mention error: name 'X_BEARER_TOKEN' is not defined
[20:27:18] mention error: name 'X_BEARER_TOKEN' is not defined
[20:27:38] mention error: name 'X_BEARER_TOKEN' is not defined
[20:27:58] mention error: name 'X_BEARER_TOKEN' is not defined
[20:28:18] mention error: name 'X_BEARER_TOKEN' is not defined
[20:28:38] mention error: name 'X_BEARER_TOKEN' is not defined
[20:28:58] mention error: name 'X_BEARER_TOKEN' is not defined
[20:29:18] mention error: name 'X_BEARER_TOKEN' is not defined
[20:29:38] mention error: name 'X_BEARER_TOKEN' is not defined
[20:29:58] mention error: name 'X_BEARER_TOKEN' is not defined
[20:30:18] mention error: name 'X_BEARER_TOKEN' is not defined
[20:30:38] mention error: name 'X_BEARER_TOKEN' is not defined
[20:30:58] mention error: name 'X_BEARER_TOKEN' is not defined
[20:31:18] mention error: name 'X_BEARER_TOKEN' is not defined
[20:31:38] mention error: name 'X_BEARER_TOKEN' is not defined
[20:31:56] post draft created
[20:31:56] idle post drafted
[20:31:58] mention error: name 'X_BEARER_TOKEN' is not defined
[20:32:18] mention error: name 'X_BEARER_TOKEN' is not defined
[20:32:38] mention error: name 'X_BEARER_TOKEN' is not defined
[20:32:58] mention error: name 'X_BEARER_TOKEN' is not defined
[20:33:18] mention error: name 'X_BEARER_TOKEN' is not defined
[20:33:38] mention error: name 'X_BEARER_TOKEN' is not defined
[20:33:58] mention error: name 'X_BEARER_TOKEN' is not defined
[20:34:18] mention error: name 'X_BEARER_TOKEN' is not defined
[20:34:38] mention error: name 'X_BEARER_TOKEN' is not defined
[20:34:58] mention error: name 'X_BEARER_TOKEN' is not defined
[20:35:18] mention error: name 'X_BEARER_TOKEN' is not defined
[20:35:38] mention error: name 'X_BEARER_TOKEN' is not defined
[20:35:58] mention error: name 'X_BEARER_TOKEN' is not defined
[20:36:18] mention error: name 'X_BEARER_TOKEN' is not defined
[20:36:38] mention error: name 'X_BEARER_TOKEN' is not defined
[20:36:52] post draft created
[20:36:52] idle post drafted
[20:36:58] mention error: name 'X_BEARER_TOKEN' is not defined
[20:37:18] mention error: name 'X_BEARER_TOKEN' is not defined
[20:37:38] mention error: name 'X_BEARER_TOKEN' is not defined
[20:37:58] mention error: name 'X_BEARER_TOKEN' is not defined
[20:38:18] mention error: name 'X_BEARER_TOKEN' is not defined
[20:38:38] mention error: name 'X_BEARER_TOKEN' is not defined
[20:38:58] mention error: name 'X_BEARER_TOKEN' is not defined
[20:39:18] mention error: name 'X_BEARER_TOKEN' is not defined
[20:39:38] mention error: name 'X_BEARER_TOKEN' is not defined
[20:39:58] mention error: name 'X_BEARER_TOKEN' is not defined
[20:40:18] mention error: name 'X_BEARER_TOKEN' is not defined
[20:40:38] mention error: name 'X_BEARER_TOKEN' is not defined
[20:40:58] mention error: name 'X_BEARER_TOKEN' is not defined
[20:41:18] mention error: name 'X_BEARER_TOKEN' is not defined
[20:41:38] mention error: name 'X_BEARER_TOKEN' is not defined
[20:41:58] mention error: name 'X_BEARER_TOKEN' is not defined
[20:41:58] post draft created
[20:41:58] idle post drafted
[20:42:18] mention error: name 'X_BEARER_TOKEN' is not defined
[20:42:38] mention error: name 'X_BEARER_TOKEN' is not defined
[20:42:58] mention error: name 'X_BEARER_TOKEN' is not defined
[20:43:18] mention error: name 'X_BEARER_TOKEN' is not defined
[20:43:38] mention error: name 'X_BEARER_TOKEN' is not defined
[20:43:58] mention error: name 'X_BEARER_TOKEN' is not defined
[20:44:18] mention error: name 'X_BEARER_TOKEN' is not defined
[20:44:38] mention error: name 'X_BEARER_TOKEN' is not defined
[20:44:58] mention error: name 'X_BEARER_TOKEN' is not defined
[20:45:18] mention error: name 'X_BEARER_TOKEN' is not defined
[20:45:38] mention error: name 'X_BEARER_TOKEN' is not defined
[20:45:58] mention error: name 'X_BEARER_TOKEN' is not defined
[20:46:18] mention error: name 'X_BEARER_TOKEN' is not defined
[20:46:38] mention error: name 'X_BEARER_TOKEN' is not defined
[20:46:54] post draft created
[20:46:54] idle post drafted
[20:46:58] mention error: name 'X_BEARER_TOKEN' is not defined
[20:47:18] mention error: name 'X_BEARER_TOKEN' is not defined
[20:47:38] mention error: name 'X_BEARER_TOKEN' is not defined
[20:47:58] mention error: name 'X_BEARER_TOKEN' is not defined
[20:48:18] mention error: name 'X_BEARER_TOKEN' is not defined
[20:48:38] mention error: name 'X_BEARER_TOKEN' is not defined
[20:48:58] mention error: name 'X_BEARER_TOKEN' is not defined
[20:49:18] mention error: name 'X_BEARER_TOKEN' is not defined
[20:49:38] mention error: name 'X_BEARER_TOKEN' is not defined
[20:49:58] mention error: name 'X_BEARER_TOKEN' is not defined
[20:50:18] mention error: name 'X_BEARER_TOKEN' is not defined
[20:50:38] mention error: name 'X_BEARER_TOKEN' is not defined
[20:50:58] mention error: name 'X_BEARER_TOKEN' is not defined
[20:51:18] mention error: name 'X_BEARER_TOKEN' is not defined
[20:51:38] mention error: name 'X_BEARER_TOKEN' is not defined
[20:51:58] mention error: name 'X_BEARER_TOKEN' is not defined
[20:52:01] post draft created
[20:52:01] idle post drafted
[20:52:18] mention error: name 'X_BEARER_TOKEN' is not defined
[20:52:38] mention error: name 'X_BEARER_TOKEN' is not defined
[20:52:58] mention error: name 'X_BEARER_TOKEN' is not defined
[20:53:18] mention error: name 'X_BEARER_TOKEN' is not defined
[20:53:38] mention error: name 'X_BEARER_TOKEN' is not defined
[20:53:58] mention error: name 'X_BEARER_TOKEN' is not defined
[20:54:18] mention error: name 'X_BEARER_TOKEN' is not defined
[20:54:38] mention error: name 'X_BEARER_TOKEN' is not defined
[20:54:58] mention error: name 'X_BEARER_TOKEN' is not defined
[20:55:18] mention error: name 'X_BEARER_TOKEN' is not defined
[20:55:38] mention error: name 'X_BEARER_TOKEN' is not defined
[20:55:58] mention error: name 'X_BEARER_TOKEN' is not defined
[20:56:18] mention error: name 'X_BEARER_TOKEN' is not defined
[20:56:38] mention error: name 'X_BEARER_TOKEN' is not defined
[20:56:56] post draft created
[20:56:56] idle post drafted
[20:56:58] mention error: name 'X_BEARER_TOKEN' is not defined
[20:57:18] mention error: name 'X_BEARER_TOKEN' is not defined
[20:57:38] mention error: name 'X_BEARER_TOKEN' is not defined
[20:57:58] mention error: name 'X_BEARER_TOKEN' is not defined
[20:58:18] mention error: name 'X_BEARER_TOKEN' is not defined
[20:58:38] mention error: name 'X_BEARER_TOKEN' is not defined
[20:58:58] mention error: name 'X_BEARER_TOKEN' is not defined
[20:59:18] mention error: name 'X_BEARER_TOKEN' is not defined
[20:59:38] mention error: name 'X_BEARER_TOKEN' is not defined
[20:59:58] mention error: name 'X_BEARER_TOKEN' is not defined
[21:00:18] mention error: name 'X_BEARER_TOKEN' is not defined
[21:00:38] mention error: name 'X_BEARER_TOKEN' is not defined
[21:00:58] mention error: name 'X_BEARER_TOKEN' is not defined
[21:01:18] mention error: name 'X_BEARER_TOKEN' is not defined
[21:01:38] mention error: name 'X_BEARER_TOKEN' is not defined
[21:01:58] mention error: name 'X_BEARER_TOKEN' is not defined
[21:02:18] mention error: name 'X_BEARER_TOKEN' is not defined
[21:02:38] mention error: name 'X_BEARER_TOKEN' is not defined
[21:02:58] mention error: name 'X_BEARER_TOKEN' is not defined
[21:03:18] mention error: name 'X_BEARER_TOKEN' is not defined
[21:03:38] mention error: name 'X_BEARER_TOKEN' is not defined
[21:03:58] mention error: name 'X_BEARER_TOKEN' is not defined
[21:04:18] mention error: name 'X_BEARER_TOKEN' is not defined
[21:04:38] mention error: name 'X_BEARER_TOKEN' is not defined
[21:04:58] mention error: name 'X_BEARER_TOKEN' is not defined
[21:05:18] mention error: name 'X_BEARER_TOKEN' is not defined
[21:05:38] mention error: name 'X_BEARER_TOKEN' is not defined
[21:05:58] mention error: name 'X_BEARER_TOKEN' is not defined
[21:06:18] mention error: name 'X_BEARER_TOKEN' is not defined
[21:06:38] mention error: name 'X_BEARER_TOKEN' is not defined
[21:06:58] mention error: name 'X_BEARER_TOKEN' is not defined
[21:06:58] post draft created
[21:06:58] idle post drafted
[21:07:18] mention error: name 'X_BEARER_TOKEN' is not defined
[21:07:38] mention error: name 'X_BEARER_TOKEN' is not defined
[21:07:58] mention error: name 'X_BEARER_TOKEN' is not defined
[21:08:18] mention error: name 'X_BEARER_TOKEN' is not defined
[21:08:38] mention error: name 'X_BEARER_TOKEN' is not defined
[21:08:58] mention error: name 'X_BEARER_TOKEN' is not defined
[21:09:18] mention error: name 'X_BEARER_TOKEN' is not defined
[21:09:38] mention error: name 'X_BEARER_TOKEN' is not defined
[21:09:58] mention error: name 'X_BEARER_TOKEN' is not defined
[21:10:18] mention error: name 'X_BEARER_TOKEN' is not defined
[21:10:38] mention error: name 'X_BEARER_TOKEN' is not defined
[21:10:58] mention error: name 'X_BEARER_TOKEN' is not defined
[21:11:18] mention error: name 'X_BEARER_TOKEN' is not defined
[21:11:38] mention error: name 'X_BEARER_TOKEN' is not defined
[21:11:58] mention error: name 'X_BEARER_TOKEN' is not defined
[21:12:03] post draft created
[21:12:03] idle post drafted
[21:12:18] mention error: name 'X_BEARER_TOKEN' is not defined
[21:12:38] mention error: name 'X_BEARER_TOKEN' is not defined
[21:12:58] mention error: name 'X_BEARER_TOKEN' is not defined
[21:13:18] mention error: name 'X_BEARER_TOKEN' is not defined
[21:13:38] mention error: name 'X_BEARER_TOKEN' is not defined
[21:13:58] mention error: name 'X_BEARER_TOKEN' is not defined
[21:14:18] mention error: name 'X_BEARER_TOKEN' is not defined
[21:14:38] mention error: name 'X_BEARER_TOKEN' is not defined
[21:14:58] mention error: name 'X_BEARER_TOKEN' is not defined
[21:15:18] mention error: name 'X_BEARER_TOKEN' is not defined
[21:15:38] mention error: name 'X_BEARER_TOKEN' is not defined
[21:15:58] mention error: name 'X_BEARER_TOKEN' is not defined
[21:16:18] mention error: name 'X_BEARER_TOKEN' is not defined
[21:16:38] mention error: name 'X_BEARER_TOKEN' is not defined
[21:16:58] mention error: name 'X_BEARER_TOKEN' is not defined
[21:17:00] post draft created
[21:17:00] idle post drafted
[21:17:18] mention error: name 'X_BEARER_TOKEN' is not defined
[21:17:38] mention error: name 'X_BEARER_TOKEN' is not defined
[21:17:58] mention error: name 'X_BEARER_TOKEN' is not defined
[21:18:18] mention error: name 'X_BEARER_TOKEN' is not defined
[21:18:38] mention error: name 'X_BEARER_TOKEN' is not defined
[21:18:58] mention error: name 'X_BEARER_TOKEN' is not defined
[21:19:18] mention error: name 'X_BEARER_TOKEN' is not defined
[21:19:38] mention error: name 'X_BEARER_TOKEN' is not defined
[21:19:58] mention error: name 'X_BEARER_TOKEN' is not defined
[21:20:18] mention error: name 'X_BEARER_TOKEN' is not defined
[21:20:38] mention error: name 'X_BEARER_TOKEN' is not defined
[21:20:58] mention error: name 'X_BEARER_TOKEN' is not defined
[21:21:18] mention error: name 'X_BEARER_TOKEN' is not defined
[21:21:38] mention error: name 'X_BEARER_TOKEN' is not defined
[21:21:58] mention error: name 'X_BEARER_TOKEN' is not defined
[21:22:05] post draft created
[21:22:05] idle post drafted
[21:22:18] mention error: name 'X_BEARER_TOKEN' is not defined
[21:22:38] mention error: name 'X_BEARER_TOKEN' is not defined
[21:22:58] mention error: name 'X_BEARER_TOKEN' is not defined
[21:23:18] mention error: name 'X_BEARER_TOKEN' is not defined
[21:23:38] mention error: name 'X_BEARER_TOKEN' is not defined
[21:23:58] mention error: name 'X_BEARER_TOKEN' is not defined
[21:24:18] mention error: name 'X_BEARER_TOKEN' is not defined
[21:24:38] mention error: name 'X_BEARER_TOKEN' is not defined
[21:24:58] mention error: name 'X_BEARER_TOKEN' is not defined
[21:25:18] mention error: name 'X_BEARER_TOKEN' is not defined
[21:25:38] mention error: name 'X_BEARER_TOKEN' is not defined
[21:25:58] mention error: name 'X_BEARER_TOKEN' is not defined
[21:26:18] mention error: name 'X_BEARER_TOKEN' is not defined
[21:26:38] mention error: name 'X_BEARER_TOKEN' is not defined
[21:26:58] mention error: name 'X_BEARER_TOKEN' is not defined
[21:27:02] post draft created
[21:27:02] idle post drafted
[21:27:18] mention error: name 'X_BEARER_TOKEN' is not defined
[21:27:38] mention error: name 'X_BEARER_TOKEN' is not defined
[21:27:58] mention error: name 'X_BEARER_TOKEN' is not defined
[21:28:18] mention error: name 'X_BEARER_TOKEN' is not defined
[21:28:38] mention error: name 'X_BEARER_TOKEN' is not defined
[21:28:58] mention error: name 'X_BEARER_TOKEN' is not defined
[21:29:18] mention error: name 'X_BEARER_TOKEN' is not defined
[21:29:38] mention error: name 'X_BEARER_TOKEN' is not defined
[21:29:58] mention error: name 'X_BEARER_TOKEN' is not defined
[21:30:18] mention error: name 'X_BEARER_TOKEN' is not defined
[21:30:38] mention error: name 'X_BEARER_TOKEN' is not defined
[21:30:58] mention error: name 'X_BEARER_TOKEN' is not defined
[21:31:18] mention error: name 'X_BEARER_TOKEN' is not defined
[21:31:38] mention error: name 'X_BEARER_TOKEN' is not defined
[21:31:58] mention error: name 'X_BEARER_TOKEN' is not defined
[21:32:07] post draft created
[21:32:07] idle post drafted
[21:32:18] mention error: name 'X_BEARER_TOKEN' is not defined
[21:32:38] mention error: name 'X_BEARER_TOKEN' is not defined
[21:32:58] mention error: name 'X_BEARER_TOKEN' is not defined
[21:33:18] mention error: name 'X_BEARER_TOKEN' is not defined
[21:33:38] mention error: name 'X_BEARER_TOKEN' is not defined
[21:33:58] mention error: name 'X_BEARER_TOKEN' is not defined
[21:34:18] mention error: name 'X_BEARER_TOKEN' is not defined
[21:34:38] mention error: name 'X_BEARER_TOKEN' is not defined
[21:34:58] mention error: name 'X_BEARER_TOKEN' is not defined
[21:35:18] mention error: name 'X_BEARER_TOKEN' is not defined
[21:35:38] mention error: name 'X_BEARER_TOKEN' is not defined
[21:35:58] mention error: name 'X_BEARER_TOKEN' is not defined
[21:36:18] mention error: name 'X_BEARER_TOKEN' is not defined
[21:36:38] mention error: name 'X_BEARER_TOKEN' is not defined
[21:36:58] mention error: name 'X_BEARER_TOKEN' is not defined
[21:37:04] post draft created
[21:37:04] idle post drafted
[21:37:18] mention error: name 'X_BEARER_TOKEN' is not defined
[21:37:38] mention error: name 'X_BEARER_TOKEN' is not defined
[21:37:58] mention error: name 'X_BEARER_TOKEN' is not defined
[21:38:18] mention error: name 'X_BEARER_TOKEN' is not defined
[21:38:38] mention error: name 'X_BEARER_TOKEN' is not defined
[21:38:58] mention error: name 'X_BEARER_TOKEN' is not defined
[21:39:18] mention error: name 'X_BEARER_TOKEN' is not defined
[21:39:38] mention error: name 'X_BEARER_TOKEN' is not defined
[21:39:58] mention error: name 'X_BEARER_TOKEN' is not defined
[21:40:18] mention error: name 'X_BEARER_TOKEN' is not defined
[21:40:38] mention error: name 'X_BEARER_TOKEN' is not defined
[21:40:58] mention error: name 'X_BEARER_TOKEN' is not defined
[21:41:18] mention error: name 'X_BEARER_TOKEN' is not defined
[21:41:38] mention error: name 'X_BEARER_TOKEN' is not defined
[21:41:58] mention error: name 'X_BEARER_TOKEN' is not defined
[21:42:10] post draft created
[21:42:10] idle post drafted
[21:42:18] mention error: name 'X_BEARER_TOKEN' is not defined
[21:42:38] mention error: name 'X_BEARER_TOKEN' is not defined
[21:42:58] mention error: name 'X_BEARER_TOKEN' is not defined
[21:43:18] mention error: name 'X_BEARER_TOKEN' is not defined
[21:43:38] mention error: name 'X_BEARER_TOKEN' is not defined
[21:43:58] mention error: name 'X_BEARER_TOKEN' is not defined
[21:44:18] mention error: name 'X_BEARER_TOKEN' is not defined
[21:44:38] mention error: name 'X_BEARER_TOKEN' is not defined
[21:44:58] mention error: name 'X_BEARER_TOKEN' is not defined
[21:45:18] mention error: name 'X_BEARER_TOKEN' is not defined
[21:45:38] mention error: name 'X_BEARER_TOKEN' is not defined
[21:45:58] mention error: name 'X_BEARER_TOKEN' is not defined
[21:46:18] mention error: name 'X_BEARER_TOKEN' is not defined
[21:46:38] mention error: name 'X_BEARER_TOKEN' is not defined
[21:46:58] mention error: name 'X_BEARER_TOKEN' is not defined
[21:47:08] post draft created
[21:47:08] idle post drafted
[21:47:18] mention error: name 'X_BEARER_TOKEN' is not defined
[21:47:38] mention error: name 'X_BEARER_TOKEN' is not defined
[21:47:58] mention error: name 'X_BEARER_TOKEN' is not defined
[21:48:18] mention error: name 'X_BEARER_TOKEN' is not defined
[21:48:38] mention error: name 'X_BEARER_TOKEN' is not defined
[21:48:58] mention error: name 'X_BEARER_TOKEN' is not defined
[21:49:18] mention error: name 'X_BEARER_TOKEN' is not defined
[21:49:38] mention error: name 'X_BEARER_TOKEN' is not defined
[21:49:58] mention error: name 'X_BEARER_TOKEN' is not defined
[21:50:18] mention error: name 'X_BEARER_TOKEN' is not defined
[21:50:38] mention error: name 'X_BEARER_TOKEN' is not defined
[21:50:58] mention error: name 'X_BEARER_TOKEN' is not defined
[21:51:18] mention error: name 'X_BEARER_TOKEN' is not defined
[21:51:38] mention error: name 'X_BEARER_TOKEN' is not defined
[21:51:58] mention error: name 'X_BEARER_TOKEN' is not defined
[21:52:13] post draft created
[21:52:13] idle post drafted
[21:52:18] mention error: name 'X_BEARER_TOKEN' is not defined
[21:52:38] mention error: name 'X_BEARER_TOKEN' is not defined
[21:52:58] mention error: name 'X_BEARER_TOKEN' is not defined
[21:53:18] mention error: name 'X_BEARER_TOKEN' is not defined
